
[Fri, 05 Apr 19 09:54:49 +0000][ERROR] SQLSTATE[42S22]: Column not found: 1054 Unknown column 'c3.category_tiny_name' in 'field list'
[Fri, 05 Apr 19 09:54:57 +0000][ERROR] SQLSTATE[42S22]: Column not found: 1054 Unknown column 'c8.category_tiny_name' in 'field list'
[Fri, 05 Apr 19 09:55:44 +0000][ERROR] SQLSTATE[42S22]: Column not found: 1054 Unknown column 'c1.category_tiny_name' in 'field list'
[Fri, 05 Apr 19 09:57:08 +0000][ERROR] SQLSTATE[42S22]: Column not found: 1054 Unknown column 'c8.category_tiny_name' in 'field list'
[Fri, 05 Apr 19 09:57:20 +0000][ERROR] SQLSTATE[42S22]: Column not found: 1054 Unknown column 'c5.category_url' in 'field list'
[Fri, 05 Apr 19 09:58:03 +0000][ERROR] Category not found or maybe deleted
[Fri, 05 Apr 19 10:06:15 +0000][ERROR] intl module not loaded
[Fri, 05 Apr 19 10:10:59 +0000][ERROR] {"categoryName":"Category name already exists"}
[Fri, 05 Apr 19 10:11:43 +0000][ERROR] {"name":"Invalid category name"}
[Fri, 05 Apr 19 11:00:02 +0000][ERROR] {"name":"We only support English category name"}
[Fri, 05 Apr 19 21:42:27 +0000][ERROR] SQLSTATE[HY000]: General error: 2006 MySQL server has gone away
[Fri, 05 Apr 19 21:42:56 +0000][ERROR] SQLSTATE[HY000]: General error: 2006 MySQL server has gone away
[Fri, 05 Apr 19 21:43:30 +0000][ERROR] SQLSTATE[HY000]: General error: 2006 MySQL server has gone away
[Sat, 06 Apr 19 06:24:48 +0000][ERROR] SQLSTATE[HY000]: General error: 2006 MySQL server has gone away
[Sat, 06 Apr 19 06:25:30 +0000][ERROR] SQLSTATE[HY000]: General error: 2006 MySQL server has gone away
[Sat, 06 Apr 19 06:38:43 +0000][ERROR] SQLSTATE[HY000]: General error: 2006 MySQL server has gone away
[Sat, 06 Apr 19 06:38:59 +0000][ERROR] SQLSTATE[HY000]: General error: 2006 MySQL server has gone away
[Sat, 06 Apr 19 06:39:18 +0000][ERROR] SQLSTATE[HY000]: General error: 2006 MySQL server has gone away
[Mon, 08 Apr 19 21:21:40 +0000][ERROR] Category not found
[Mon, 08 Apr 19 21:22:57 +0000][ERROR] Category not found
[Mon, 08 Apr 19 21:23:38 +0000][ERROR] Category not found
[Wed, 17 Apr 19 17:16:24 +0000][ERROR] {"name":"Invalid category name"}
[Sun, 19 May 19 18:43:44 +0000][ERROR] fwrite(): send of 12 bytes failed with errno=104 Connection reset by peer
[Sun, 19 May 19 18:43:45 +0000][ERROR] fwrite(): send of 12 bytes failed with errno=104 Connection reset by peer
[Fri, 26 Jul 19 16:43:49 +0000][ERROR] {"categoryParentId":"Parent category does not exist"}
[Fri, 26 Jul 19 18:10:25 +0000][ERROR] {"categoryName":"Category name already exists"}
[Fri, 26 Jul 19 18:10:33 +0000][ERROR] {"categoryName":"Category name already exists"}
[Fri, 26 Jul 19 21:27:16 +0000][ERROR] No attributes found
[Fri, 26 Jul 19 21:27:51 +0000][ERROR] Attribute 5d3b7057e4895300137c1852 not added/updated in cache.
[Fri, 26 Jul 19 21:31:08 +0000][ERROR] Attribute 5d3b7057e4895300137c1852 not added/updated in cache.
[Fri, 26 Jul 19 21:36:57 +0000][ERROR] Unauthorized action
[Fri, 26 Jul 19 21:46:53 +0000][ERROR] Attribute 5d3b7057e4895300137c1852 not added/updated in cache.
[Fri, 26 Jul 19 21:47:17 +0000][ERROR] Attribute 5d3b7057e4895300137c1852 not added/updated in cache.
[Fri, 26 Jul 19 21:47:27 +0000][ERROR] Unauthorized action
[Fri, 26 Jul 19 21:47:30 +0000][ERROR] Attribute 5d3b7057e4895300137c1852 not added/updated in cache.
[Fri, 26 Jul 19 21:49:32 +0000][ERROR] Unauthorized action
[Fri, 26 Jul 19 21:49:39 +0000][ERROR] Unauthorized action
[Fri, 26 Jul 19 23:42:27 +0000][ERROR] No parent collections
[Fri, 26 Jul 19 23:42:57 +0000][ERROR] Return value of app\common\repositories\CategoryRepository::getParent() must be an instance of app\common\models\Category, null returned
[Fri, 26 Jul 19 23:44:43 +0000][ERROR] Unauthorized action
[Fri, 26 Jul 19 23:45:58 +0000][ERROR] No parent category
